<?xml version="1.0" encoding="UTF-8" ?>
<testsuite failures="0" time="1.119" errors="0" skipped="0" tests="8" name="com.sforce.async.CSVReaderTest">
  <properties>
[...]
</properties>
  <testcase time="0.003" classname="com.sforce.async.CSVReaderTest" name="testHeader"/>
  <testcase time="0" classname="com.sforce.async.CSVReaderTest" name="testBasic"/>
  <testcase time="0.001" classname="com.sforce.async.CSVReaderTest" name="testQuote"/>
  <testcase time="0.001" classname="com.sforce.async.CSVReaderTest" name="testQuoteInsideField"/>
  <testcase time="0.001" classname="com.sforce.async.CSVReaderTest" name="testNotClosedQuote"/>
  <testcase time="0.142" classname="com.sforce.async.CSVReaderTest" name="testRowLimits"/>
  <testcase time="0.049" classname="com.sforce.async.CSVReaderTest" name="testRowSizeLimits"/>
  <testcase time="0.901" classname="com.sforce.async.CSVReaderTest" name="testFileSizeLimits"/>
</testsuite>